
Circuit 1 cell sky130_fd_pr__nfet_01v8 and Circuit 2 cell sky130_fd_pr__nfet_01v8 are black boxes.
Warning: Equate pins:  cell sky130_fd_pr__nfet_01v8 is a placeholder, treated as a black box.
Warning: Equate pins:  cell sky130_fd_pr__nfet_01v8 is a placeholder, treated as a black box.

Subcircuit pins:
Circuit 1: sky130_fd_pr__nfet_01v8         |Circuit 2: sky130_fd_pr__nfet_01v8         
-------------------------------------------|-------------------------------------------
1                                          |1                                          
2                                          |2                                          
3                                          |3                                          
4                                          |4                                          
---------------------------------------------------------------------------------------
Cell pin lists are equivalent.
Device classes sky130_fd_pr__nfet_01v8 and sky130_fd_pr__nfet_01v8 are equivalent.

Circuit 1 cell sky130_fd_pr__pfet_01v8 and Circuit 2 cell sky130_fd_pr__pfet_01v8 are black boxes.
Warning: Equate pins:  cell sky130_fd_pr__pfet_01v8 is a placeholder, treated as a black box.
Warning: Equate pins:  cell sky130_fd_pr__pfet_01v8 is a placeholder, treated as a black box.

Subcircuit pins:
Circuit 1: sky130_fd_pr__pfet_01v8         |Circuit 2: sky130_fd_pr__pfet_01v8         
-------------------------------------------|-------------------------------------------
1                                          |1                                          
2                                          |2                                          
3                                          |3                                          
4                                          |4                                          
---------------------------------------------------------------------------------------
Cell pin lists are equivalent.
Device classes sky130_fd_pr__pfet_01v8 and sky130_fd_pr__pfet_01v8 are equivalent.

Subcircuit summary:
Circuit 1: hgu_inverter                    |Circuit 2: hgu_inverter                    
-------------------------------------------|-------------------------------------------
sky130_fd_pr__nfet_01v8 (1)                |sky130_fd_pr__nfet_01v8 (1)                
sky130_fd_pr__pfet_01v8 (1)                |sky130_fd_pr__pfet_01v8 (1)                
(no matching element)                      |r (2)                                      
Number of devices: 2 **Mismatch**          |Number of devices: 4 **Mismatch**          
Number of nets: 5 **Mismatch**             |Number of nets: 7 **Mismatch**             
---------------------------------------------------------------------------------------
NET mismatches: Class fragments follow (with fanout counts):
Circuit 1: hgu_inverter                    |Circuit 2: hgu_inverter                    

---------------------------------------------------------------------------------------
Net: IN                                    |Net: IN                                    
  sky130_fd_pr__nfet_01v8/2 = 1            |  r/(end_a|end_b) = 2                      
  sky130_fd_pr__pfet_01v8/2 = 1            |                                           
                                           |                                           
(no matching net)                          |Net: IN.t1                                 
                                           |  sky130_fd_pr__nfet_01v8/2 = 1            
                                           |  r/(end_a|end_b) = 1                      
                                           |                                           
(no matching net)                          |Net: IN.t0                                 
                                           |  sky130_fd_pr__pfet_01v8/2 = 1            
                                           |  r/(end_a|end_b) = 1                      
---------------------------------------------------------------------------------------
Netlists do not match.

Subcircuit pins:
Circuit 1: hgu_inverter                    |Circuit 2: hgu_inverter                    
-------------------------------------------|-------------------------------------------
IN                                         |(no matching pin)                          
VSS                                        |VSS                                        
OUT                                        |OUT                                        
VREF                                       |VREF                                       
VDD                                        |VDD                                        
(no matching pin)                          |IN                                         
IN                                         |(no matching pin)                          
---------------------------------------------------------------------------------------
Cell pin lists for hgu_inverter and hgu_inverter altered to match.
Device classes hgu_inverter and hgu_inverter are equivalent.

Final result: Top level cell failed pin matching.
