
Circuit 1 cell sky130_fd_sc_hd__inv_2 and Circuit 2 cell sky130_fd_sc_hd__inv_2 are black boxes.
Equate elements:  no current cell.
Device classes sky130_fd_sc_hd__inv_2 and sky130_fd_sc_hd__inv_2 are equivalent.

Circuit 1 cell sky130_fd_sc_hd__nand2_1 and Circuit 2 cell sky130_fd_sc_hd__nand2_1 are black boxes.
Equate elements:  no current cell.
Device classes sky130_fd_sc_hd__nand2_1 and sky130_fd_sc_hd__nand2_1 are equivalent.

Subcircuit summary:
Circuit 1: ringoscill.spice                |Circuit 2: ringoscill2.spice               
-------------------------------------------|-------------------------------------------
sky130_fd_sc_hd__inv_2 (4)                 |sky130_fd_sc_hd__inv_2 (4)                 
sky130_fd_sc_hd__nand2_1 (1)               |sky130_fd_sc_hd__nand2_1 (1)               
Number of devices: 5                       |Number of devices: 5                       
Number of nets: 12 **Mismatch**            |Number of nets: 10 **Mismatch**            
---------------------------------------------------------------------------------------
NET mismatches: Class fragments follow (with fanout counts):
Circuit 1: ringoscill.spice                |Circuit 2: ringoscill2.spice               

---------------------------------------------------------------------------------------
Net: VSUBS                                 |Net: VGND                                  
  sky130_fd_sc_hd__inv_2/3 = 4             |  sky130_fd_sc_hd__inv_2/2 = 4             
  sky130_fd_sc_hd__nand2_1/4 = 1           |  sky130_fd_sc_hd__nand2_1/3 = 1           
                                           |                                           
Net: x5/VPB                                |Net: VNB                                   
  sky130_fd_sc_hd__inv_2/4 = 4             |  sky130_fd_sc_hd__inv_2/3 = 4             
  sky130_fd_sc_hd__nand2_1/5 = 1           |  sky130_fd_sc_hd__nand2_1/4 = 1           
                                           |                                           
Net: x5/VGND                               |Net: VPB                                   
  sky130_fd_sc_hd__nand2_1/3 = 1           |  sky130_fd_sc_hd__inv_2/4 = 4             
                                           |  sky130_fd_sc_hd__nand2_1/5 = 1           
                                           |                                           
Net: x5/VPWR                               |Net: VPWR                                  
  sky130_fd_sc_hd__nand2_1/6 = 1           |  sky130_fd_sc_hd__inv_2/5 = 4             
                                           |  sky130_fd_sc_hd__nand2_1/6 = 1           
---------------------------------------------------------------------------------------

---------------------------------------------------------------------------------------
Net: x4/VPWR                               |(no matching net)                          
  sky130_fd_sc_hd__inv_2/5 = 4             |                                           
                                           |                                           
Net: x4/VGND                               |(no matching net)                          
  sky130_fd_sc_hd__inv_2/2 = 4             |                                           
---------------------------------------------------------------------------------------

---------------------------------------------------------------------------------------
Net: x5/B                                  |Net: out                                   
  sky130_fd_sc_hd__inv_2/6 = 1             |  sky130_fd_sc_hd__inv_2/6 = 1             
  sky130_fd_sc_hd__nand2_1/2 = 1           |  sky130_fd_sc_hd__nand2_1/2 = 1           
                                           |                                           
Net: x4/A                                  |Net: net4                                  
  sky130_fd_sc_hd__inv_2/6 = 1             |  sky130_fd_sc_hd__inv_2/6 = 1             
  sky130_fd_sc_hd__inv_2/1 = 1             |  sky130_fd_sc_hd__inv_2/1 = 1             
                                           |                                           
Net: x3/A                                  |Net: net3                                  
  sky130_fd_sc_hd__inv_2/1 = 1             |  sky130_fd_sc_hd__inv_2/6 = 1             
  sky130_fd_sc_hd__inv_2/6 = 1             |  sky130_fd_sc_hd__inv_2/1 = 1             
                                           |                                           
Net: x2/A                                  |Net: net2                                  
  sky130_fd_sc_hd__inv_2/6 = 1             |  sky130_fd_sc_hd__inv_2/6 = 1             
  sky130_fd_sc_hd__inv_2/1 = 1             |  sky130_fd_sc_hd__inv_2/1 = 1             
                                           |                                           
Net: x5/Y                                  |Net: net1                                  
  sky130_fd_sc_hd__inv_2/1 = 1             |  sky130_fd_sc_hd__inv_2/1 = 1             
  sky130_fd_sc_hd__nand2_1/7 = 1           |  sky130_fd_sc_hd__nand2_1/7 = 1           
---------------------------------------------------------------------------------------
DEVICE mismatches: Class fragments follow (with node fanout counts):
Circuit 1: ringoscill.spice                |Circuit 2: ringoscill2.spice               

---------------------------------------------------------------------------------------
Instance: sky130_fd_sc_hd__inv_2:x4        |Instance: sky130_fd_sc_hd__inv_2:4         
  1 = 2                                    |  1 = 2                                    
  2 = 4                                    |  2 = 5                                    
  3 = 5                                    |  3 = 5                                    
  4 = 5                                    |  4 = 5                                    
  5 = 4                                    |  5 = 5                                    
  6 = 2                                    |  6 = 2                                    
                                           |                                           
Instance: sky130_fd_sc_hd__inv_2:x2        |Instance: sky130_fd_sc_hd__inv_2:3         
  1 = 2                                    |  1 = 2                                    
  2 = 4                                    |  2 = 5                                    
  3 = 5                                    |  3 = 5                                    
  4 = 5                                    |  4 = 5                                    
  5 = 4                                    |  5 = 5                                    
  6 = 2                                    |  6 = 2                                    
                                           |                                           
Instance: sky130_fd_sc_hd__inv_2:x3        |Instance: sky130_fd_sc_hd__inv_2:2         
  1 = 2                                    |  1 = 2                                    
  2 = 4                                    |  2 = 5                                    
  3 = 5                                    |  3 = 5                                    
  4 = 5                                    |  4 = 5                                    
  5 = 4                                    |  5 = 5                                    
  6 = 2                                    |  6 = 2                                    
                                           |                                           
Instance: sky130_fd_sc_hd__inv_2:x1        |Instance: sky130_fd_sc_hd__inv_2:1         
  1 = 2                                    |  1 = 2                                    
  2 = 4                                    |  2 = 5                                    
  3 = 5                                    |  3 = 5                                    
  4 = 5                                    |  4 = 5                                    
  5 = 4                                    |  5 = 5                                    
  6 = 2                                    |  6 = 2                                    
---------------------------------------------------------------------------------------
Netlists do not match.
Cells have no pins;  pin matching not needed.
Device classes ringoscill.spice and ringoscill2.spice are equivalent.

Final result: Netlists do not match.
