
Circuit 1 cell sky130_fd_pr__pfet_01v8_hvt and Circuit 2 cell sky130_fd_pr__pfet_01v8_hvt are black boxes.
Warning: Equate pins:  cell sky130_fd_pr__pfet_01v8_hvt is a placeholder, treated as a black box.
Warning: Equate pins:  cell sky130_fd_pr__pfet_01v8_hvt is a placeholder, treated as a black box.

Subcircuit pins:
Circuit 1: sky130_fd_pr__pfet_01v8_hvt     |Circuit 2: sky130_fd_pr__pfet_01v8_hvt     
-------------------------------------------|-------------------------------------------
1                                          |1                                          
2                                          |2                                          
3                                          |3                                          
4                                          |4                                          
---------------------------------------------------------------------------------------
Cell pin lists are equivalent.
Device classes sky130_fd_pr__pfet_01v8_hvt and sky130_fd_pr__pfet_01v8_hvt are equivalent.

Circuit 1 cell sky130_fd_pr__nfet_01v8 and Circuit 2 cell sky130_fd_pr__nfet_01v8 are black boxes.
Warning: Equate pins:  cell sky130_fd_pr__nfet_01v8 is a placeholder, treated as a black box.
Warning: Equate pins:  cell sky130_fd_pr__nfet_01v8 is a placeholder, treated as a black box.

Subcircuit pins:
Circuit 1: sky130_fd_pr__nfet_01v8         |Circuit 2: sky130_fd_pr__nfet_01v8         
-------------------------------------------|-------------------------------------------
1                                          |1                                          
2                                          |2                                          
3                                          |3                                          
4                                          |4                                          
---------------------------------------------------------------------------------------
Cell pin lists are equivalent.
Device classes sky130_fd_pr__nfet_01v8 and sky130_fd_pr__nfet_01v8 are equivalent.

Subcircuit summary:
Circuit 1: sky130_fd_sc_hd__buf_1          |Circuit 2: sky130_fd_sc_hd__buf_1          
-------------------------------------------|-------------------------------------------
sky130_fd_pr__pfet_01v8_hvt (2)            |sky130_fd_pr__pfet_01v8_hvt (2)            
sky130_fd_pr__nfet_01v8 (2)                |sky130_fd_pr__nfet_01v8 (2)                
Number of devices: 4                       |Number of devices: 4                       
Number of nets: 7                          |Number of nets: 7                          
---------------------------------------------------------------------------------------
Netlists match uniquely.

Subcircuit pins:
Circuit 1: sky130_fd_sc_hd__buf_1          |Circuit 2: sky130_fd_sc_hd__buf_1          
-------------------------------------------|-------------------------------------------
VGND                                       |VGND                                       
X                                          |X                                          
VNB                                        |VNB                                        
A                                          |A                                          
VPWR                                       |VPWR                                       
VPB                                        |VPB                                        
---------------------------------------------------------------------------------------
Cell pin lists are equivalent.
Device classes sky130_fd_sc_hd__buf_1 and sky130_fd_sc_hd__buf_1 are equivalent.

Class sky130_fd_sc_hd__buf_4 (0):  Merged 6 parallel devices.
Class sky130_fd_sc_hd__buf_4 (1):  Merged 6 parallel devices.
Subcircuit summary:
Circuit 1: sky130_fd_sc_hd__buf_4          |Circuit 2: sky130_fd_sc_hd__buf_4          
-------------------------------------------|-------------------------------------------
sky130_fd_pr__pfet_01v8_hvt (5->2)         |sky130_fd_pr__pfet_01v8_hvt (5->2)         
sky130_fd_pr__nfet_01v8 (5->2)             |sky130_fd_pr__nfet_01v8 (5->2)             
Number of devices: 4                       |Number of devices: 4                       
Number of nets: 7                          |Number of nets: 7                          
---------------------------------------------------------------------------------------
Netlists match uniquely.

Subcircuit pins:
Circuit 1: sky130_fd_sc_hd__buf_4          |Circuit 2: sky130_fd_sc_hd__buf_4          
-------------------------------------------|-------------------------------------------
X                                          |X                                          
VGND                                       |VGND                                       
VNB                                        |VNB                                        
VPWR                                       |VPWR                                       
VPB                                        |VPB                                        
A                                          |A                                          
---------------------------------------------------------------------------------------
Cell pin lists are equivalent.
Device classes sky130_fd_sc_hd__buf_4 and sky130_fd_sc_hd__buf_4 are equivalent.

Class sky130_fd_sc_hd__buf_16 (0):  Merged 40 parallel devices.
Class sky130_fd_sc_hd__buf_16 (1):  Merged 40 parallel devices.
Subcircuit summary:
Circuit 1: sky130_fd_sc_hd__buf_16         |Circuit 2: sky130_fd_sc_hd__buf_16         
-------------------------------------------|-------------------------------------------
sky130_fd_pr__nfet_01v8 (22->2)            |sky130_fd_pr__nfet_01v8 (22->2)            
sky130_fd_pr__pfet_01v8_hvt (22->2)        |sky130_fd_pr__pfet_01v8_hvt (22->2)        
Number of devices: 4                       |Number of devices: 4                       
Number of nets: 7                          |Number of nets: 7                          
---------------------------------------------------------------------------------------
Netlists match uniquely.

Subcircuit pins:
Circuit 1: sky130_fd_sc_hd__buf_16         |Circuit 2: sky130_fd_sc_hd__buf_16         
-------------------------------------------|-------------------------------------------
X                                          |X                                          
VPWR                                       |VPWR                                       
VPB                                        |VPB                                        
VGND                                       |VGND                                       
VNB                                        |VNB                                        
A                                          |A                                          
---------------------------------------------------------------------------------------
Cell pin lists are equivalent.
Device classes sky130_fd_sc_hd__buf_16 and sky130_fd_sc_hd__buf_16 are equivalent.

Subcircuit summary:
Circuit 1: sky130_fd_sc_hd__dfbbp_1        |Circuit 2: sky130_fd_sc_hd__dfbbp_1        
-------------------------------------------|-------------------------------------------
sky130_fd_pr__nfet_01v8 (20)               |sky130_fd_pr__nfet_01v8 (20)               
sky130_fd_pr__pfet_01v8_hvt (20)           |sky130_fd_pr__pfet_01v8_hvt (20)           
Number of devices: 40                      |Number of devices: 40                      
Number of nets: 29                         |Number of nets: 29                         
---------------------------------------------------------------------------------------
Netlists match uniquely.

Subcircuit pins:
Circuit 1: sky130_fd_sc_hd__dfbbp_1        |Circuit 2: sky130_fd_sc_hd__dfbbp_1        
-------------------------------------------|-------------------------------------------
SET_B                                      |SET_B                                      
VGND                                       |VGND                                       
D                                          |D                                          
RESET_B                                    |RESET_B                                    
Q                                          |Q                                          
Q_N                                        |Q_N                                        
CLK                                        |CLK                                        
VPWR                                       |VPWR                                       
VNB                                        |VNB                                        
VPB                                        |VPB                                        
---------------------------------------------------------------------------------------
Cell pin lists are equivalent.
Device classes sky130_fd_sc_hd__dfbbp_1 and sky130_fd_sc_hd__dfbbp_1 are equivalent.

Class sky130_fd_sc_hd__mux4_4 (0):  Merged 6 parallel devices.
Class sky130_fd_sc_hd__mux4_4 (1):  Merged 6 parallel devices.
Subcircuit summary:
Circuit 1: sky130_fd_sc_hd__mux4_4         |Circuit 2: sky130_fd_sc_hd__mux4_4         
-------------------------------------------|-------------------------------------------
sky130_fd_pr__nfet_01v8 (16->13)           |sky130_fd_pr__nfet_01v8 (16->13)           
sky130_fd_pr__pfet_01v8_hvt (16->13)       |sky130_fd_pr__pfet_01v8_hvt (16->13)       
Number of devices: 26                      |Number of devices: 26                      
Number of nets: 24                         |Number of nets: 24                         
---------------------------------------------------------------------------------------
Netlists match uniquely.

Subcircuit pins:
Circuit 1: sky130_fd_sc_hd__mux4_4         |Circuit 2: sky130_fd_sc_hd__mux4_4         
-------------------------------------------|-------------------------------------------
S1                                         |S1                                         
VPB                                        |VPB                                        
VNB                                        |VNB                                        
VPWR                                       |VPWR                                       
VGND                                       |VGND                                       
S0                                         |S0                                         
X                                          |X                                          
A1                                         |A1                                         
A3                                         |A3                                         
A2                                         |A2                                         
A0                                         |A0                                         
---------------------------------------------------------------------------------------
Cell pin lists are equivalent.
Device classes sky130_fd_sc_hd__mux4_4 and sky130_fd_sc_hd__mux4_4 are equivalent.

Subcircuit summary:
Circuit 1: sky130_fd_sc_hd__inv_1          |Circuit 2: sky130_fd_sc_hd__inv_1          
-------------------------------------------|-------------------------------------------
sky130_fd_pr__nfet_01v8 (1)                |sky130_fd_pr__nfet_01v8 (1)                
sky130_fd_pr__pfet_01v8_hvt (1)            |sky130_fd_pr__pfet_01v8_hvt (1)            
Number of devices: 2                       |Number of devices: 2                       
Number of nets: 6                          |Number of nets: 6                          
---------------------------------------------------------------------------------------
Netlists match uniquely.

Subcircuit pins:
Circuit 1: sky130_fd_sc_hd__inv_1          |Circuit 2: sky130_fd_sc_hd__inv_1          
-------------------------------------------|-------------------------------------------
VGND                                       |VGND                                       
VNB                                        |VNB                                        
VPWR                                       |VPWR                                       
VPB                                        |VPB                                        
A                                          |A                                          
Y                                          |Y                                          
---------------------------------------------------------------------------------------
Cell pin lists are equivalent.
Device classes sky130_fd_sc_hd__inv_1 and sky130_fd_sc_hd__inv_1 are equivalent.

Subcircuit summary:
Circuit 1: hgu_sarlogic_8bit_logic         |Circuit 2: hgu_sarlogic_8bit_logic         
-------------------------------------------|-------------------------------------------
sky130_fd_sc_hd__buf_1 (3)                 |sky130_fd_sc_hd__buf_1 (3)                 
sky130_fd_sc_hd__buf_4 (3)                 |sky130_fd_sc_hd__buf_4 (3)                 
sky130_fd_sc_hd__buf_16 (1)                |sky130_fd_sc_hd__buf_16 (1)                
sky130_fd_sc_hd__dfbbp_1 (18)              |sky130_fd_sc_hd__dfbbp_1 (18)              
sky130_fd_sc_hd__mux4_4 (1)                |sky130_fd_sc_hd__mux4_4 (1)                
sky130_fd_sc_hd__inv_1 (1)                 |sky130_fd_sc_hd__inv_1 (1)                 
Number of devices: 27                      |Number of devices: 27                      
Number of nets: 52                         |Number of nets: 52                         
---------------------------------------------------------------------------------------
Netlists match uniquely.

Subcircuit pins:
Circuit 1: hgu_sarlogic_8bit_logic         |Circuit 2: hgu_sarlogic_8bit_logic         
-------------------------------------------|-------------------------------------------
eob                                        |EOB                                        
check[2]                                   |check[2]                                   
check[1]                                   |check[1]                                   
check[0]                                   |check[0]                                   
check[4]                                   |check[4]                                   
check[5]                                   |check[5]                                   
check[6]                                   |check[6]                                   
check[3]                                   |check[3]                                   
D[6]                                       |D[6]                                       
D[1]                                       |D[1]                                       
D[5]                                       |D[5]                                       
D[2]                                       |D[2]                                       
D[0]                                       |D[0]                                       
D[4]                                       |D[4]                                       
D[3]                                       |D[3]                                       
VDD                                        |VDD                                        
VSS                                        |VSS                                        
D[7]                                       |D[7]                                       
sel_bit[0]                                 |sel_bit[0]                                 
sel_bit[1]                                 |sel_bit[1]                                 
comparator_out                             |comparator_out                             
clk_sar                                    |clk_sar                                    
reset                                      |reset                                      
---------------------------------------------------------------------------------------
Cell pin lists are equivalent.
Device classes hgu_sarlogic_8bit_logic and hgu_sarlogic_8bit_logic are equivalent.

Final result: Circuits match uniquely.
.
