
Circuit 1 cell sky130_fd_pr__nfet_01v8 and Circuit 2 cell sky130_fd_pr__nfet_01v8 are black boxes.
Warning: Equate pins:  cell sky130_fd_pr__nfet_01v8 is a placeholder, treated as a black box.
Warning: Equate pins:  cell sky130_fd_pr__nfet_01v8 is a placeholder, treated as a black box.

Subcircuit pins:
Circuit 1: sky130_fd_pr__nfet_01v8         |Circuit 2: sky130_fd_pr__nfet_01v8         
-------------------------------------------|-------------------------------------------
1                                          |1                                          
2                                          |2                                          
3                                          |3                                          
4                                          |4                                          
---------------------------------------------------------------------------------------
Cell pin lists are equivalent.
Device classes sky130_fd_pr__nfet_01v8 and sky130_fd_pr__nfet_01v8 are equivalent.

Circuit 1 cell sky130_fd_pr__pfet_01v8_hvt and Circuit 2 cell sky130_fd_pr__pfet_01v8_hvt are black boxes.
Warning: Equate pins:  cell sky130_fd_pr__pfet_01v8_hvt is a placeholder, treated as a black box.
Warning: Equate pins:  cell sky130_fd_pr__pfet_01v8_hvt is a placeholder, treated as a black box.

Subcircuit pins:
Circuit 1: sky130_fd_pr__pfet_01v8_hvt     |Circuit 2: sky130_fd_pr__pfet_01v8_hvt     
-------------------------------------------|-------------------------------------------
1                                          |1                                          
2                                          |2                                          
3                                          |3                                          
4                                          |4                                          
---------------------------------------------------------------------------------------
Cell pin lists are equivalent.
Device classes sky130_fd_pr__pfet_01v8_hvt and sky130_fd_pr__pfet_01v8_hvt are equivalent.
Flattening unmatched subcell sky130_fd_sc_hd__buf_1 in circuit hgu_cdac_sw_buffer (1)(8 instances)
Flattening unmatched subcell sky130_fd_sc_hd__buf_4 in circuit hgu_cdac_sw_buffer (1)(3 instances)
Flattening unmatched subcell sky130_fd_sc_hd__buf_16 in circuit hgu_cdac_sw_buffer (1)(1 instance)

Class hgu_cdac_sw_buffer_flat (0):  Merged 58 parallel devices.
Class hgu_cdac_sw_buffer (1):  Merged 58 parallel devices.
Subcircuit summary:
Circuit 1: hgu_cdac_sw_buffer_flat         |Circuit 2: hgu_cdac_sw_buffer              
-------------------------------------------|-------------------------------------------
sky130_fd_pr__pfet_01v8_hvt (53->24)       |sky130_fd_pr__pfet_01v8_hvt (53->24)       
sky130_fd_pr__nfet_01v8 (53->24)           |sky130_fd_pr__nfet_01v8 (53->24)           
Number of devices: 48                      |Number of devices: 48                      
Number of nets: 31                         |Number of nets: 31                         
---------------------------------------------------------------------------------------
Resolving symmetries by property value.
Resolving symmetries by pin name.
Netlists match with 6 symmetries.

Subcircuit pins:
Circuit 1: hgu_cdac_sw_buffer_flat         |Circuit 2: hgu_cdac_sw_buffer              
-------------------------------------------|-------------------------------------------
VSS                                        |VSS                                        
VDD                                        |VDD                                        
sar_val<4>                                 |sar_val<4>                                 
sar_val<3>                                 |sar_val<3>                                 
sar_val<6>                                 |sar_val<6>                                 
sar_val<5>                                 |sar_val<5>                                 
sar_val<7>                                 |sar_val<7>                                 
sw<3>                                      |sw<3>                                      
sw<2>                                      |sw<2>                                      
sw<5>                                      |sw<5>                                      
sw<4>                                      |sw<4>                                      
sw<6>                                      |sw<6>                                      
---------------------------------------------------------------------------------------
Cell pin lists are equivalent.
Device classes hgu_cdac_sw_buffer_flat and hgu_cdac_sw_buffer are equivalent.

Final result: Circuits match uniquely.
.
