This file contains any messages produced by compilers while
running configure, to aid debugging if configure makes a mistake.

It was created by ngspice configure 40, which was
generated by GNU Autoconf 2.69.  Invocation command line was

  $ /foss/designs/ngspice-40/configure --enable-xspice

## --------- ##
## Platform. ##
## --------- ##

hostname = ff31be880d86
uname -m = x86_64
uname -r = 6.2.0-36-generic
uname -s = Linux
uname -v = #37~22.04.1-Ubuntu SMP PREEMPT_DYNAMIC Mon Oct  9 15:34:04 UTC 2

/usr/bin/uname -p = x86_64
/bin/uname -X     = unknown

/bin/arch              = x86_64
/usr/bin/arch -k       = unknown
/usr/convex/getsysinfo = unknown
/usr/bin/hostinfo      = unknown
/bin/machine           = unknown
/usr/bin/oslevel       = unknown
/bin/universe          = unknown

PATH: /foss/tools/bin
PATH: /foss/tools/sak/
PATH: /usr/local/sbin
PATH: /usr/local/sbin
PATH: /usr/local/bin
PATH: /usr/sbin
PATH: /usr/bin
PATH: /sbin
PATH: /bin
PATH: /foss/tools/covered/19d30fc/bin
PATH: /foss/tools/cvc_rv/df85a63/bin
PATH: /foss/tools/fault/54e8665
PATH: /foss/tools/gaw3-xschem/a4bb956/bin
PATH: /foss/tools/gds3d/173da0c/bin
PATH: /foss/tools/ghdl/v3.0.0/bin
PATH: /foss/tools/gtkwave/f31b549/bin
PATH: /foss/tools/irsim/25fe821/bin
PATH: /foss/tools/iverilog/b210eb8/bin
PATH: /foss/tools/klayout/44a2aa9
PATH: /foss/tools/magic/a33d7b7/bin
PATH: /foss/tools/netgen/28a2950/bin
PATH: /foss/tools/ngspice/ngspice/bin
PATH: /foss/tools/nvc/r1.9.2/bin
PATH: /foss/tools/openlane/2023.05
PATH: /foss/tools/openroad/9a713f0/bin
PATH: /foss/tools/osic-multitool
PATH: /foss/tools/padring/b2a64ab/bin
PATH: /foss/tools/pyopus/0.11/bin
PATH: /foss/tools/qflow/b0f76bf/bin
PATH: /foss/tools/qucs-s/1.0.2/bin
PATH: /foss/tools/rftoolkit/bin
PATH: /foss/tools/verilator/947402b/bin
PATH: /foss/tools/xschem/e9c8569/bin
PATH: /foss/tools/xyce/Parallel/Release/bin
PATH: /foss/tools/yosys/1010756/bin


## ----------- ##
## Core tests. ##
## ----------- ##

configure:2769: checking for a BSD-compatible install
configure:2837: result: /usr/bin/install -c
configure:2848: checking whether build environment is sane
configure:2903: result: yes
configure:3054: checking for a thread-safe mkdir -p
configure:3093: result: /usr/bin/mkdir -p
configure:3100: checking for gawk
configure:3116: found /usr/bin/gawk
configure:3127: result: gawk
configure:3138: checking whether make sets $(MAKE)
configure:3160: result: yes
configure:3189: checking whether make supports nested variables
configure:3206: result: yes
configure:3223: error: source directory already configured; run "make distclean" there first

## ---------------- ##
## Cache variables. ##
## ---------------- ##

ac_cv_env_CCC_set=
ac_cv_env_CCC_value=
ac_cv_env_CC_set=
ac_cv_env_CC_value=
ac_cv_env_CFLAGS_set=
ac_cv_env_CFLAGS_value=
ac_cv_env_CPPFLAGS_set=
ac_cv_env_CPPFLAGS_value=
ac_cv_env_CPP_set=
ac_cv_env_CPP_value=
ac_cv_env_CXXCPP_set=
ac_cv_env_CXXCPP_value=
ac_cv_env_CXXFLAGS_set=
ac_cv_env_CXXFLAGS_value=
ac_cv_env_CXX_set=
ac_cv_env_CXX_value=
ac_cv_env_LDFLAGS_set=
ac_cv_env_LDFLAGS_value=
ac_cv_env_LIBS_set=
ac_cv_env_LIBS_value=
ac_cv_env_LT_SYS_LIBRARY_PATH_set=
ac_cv_env_LT_SYS_LIBRARY_PATH_value=
ac_cv_env_XMKMF_set=
ac_cv_env_XMKMF_value=
ac_cv_env_YACC_set=
ac_cv_env_YACC_value=
ac_cv_env_YFLAGS_set=
ac_cv_env_YFLAGS_value=
ac_cv_env_build_alias_set=
ac_cv_env_build_alias_value=
ac_cv_env_host_alias_set=
ac_cv_env_host_alias_value=
ac_cv_env_target_alias_set=
ac_cv_env_target_alias_value=
ac_cv_path_install='/usr/bin/install -c'
ac_cv_path_mkdir=/usr/bin/mkdir
ac_cv_prog_AWK=gawk
ac_cv_prog_make_make_set=yes
am_cv_make_support_nested_variables=yes

## ----------------- ##
## Output variables. ##
## ----------------- ##

ACLOCAL=''
ADMSXML=''
AMDEPBACKSLASH=''
AMDEP_FALSE=''
AMDEP_TRUE=''
AMTAR=''
AM_BACKSLASH='\'
AM_CPPFLAGS=''
AM_DEFAULT_V='$(AM_DEFAULT_VERBOSITY)'
AM_DEFAULT_VERBOSITY='1'
AM_V='$(V)'
AR=''
AR_FLAGS=''
AUTOCONF=''
AUTOHEADER=''
AUTOMAKE=''
AWK='gawk'
BISON=''
BISON_VERSION=''
BUILD_EXEEXT=''
BUILD_OBJEXT=''
CC=''
CCDEPMODE=''
CC_FOR_BUILD=''
CFLAGS=''
CFLAGS_FOR_BUILD=''
CIDER_WANTED_FALSE=''
CIDER_WANTED_TRUE=''
CMATHTESTS_FALSE=''
CMATHTESTS_TRUE=''
CMPP=''
CPP=''
CPPFLAGS=''
CPPFLAGS_FOR_BUILD=''
CPP_FOR_BUILD=''
CROSS_COMPILING_FALSE=''
CROSS_COMPILING_TRUE=''
CXX=''
CXXCPP=''
CXXDEPMODE=''
CXXFLAGS=''
CYGPATH_W=''
DEFS=''
DEPDIR=''
DLLTOOL=''
DSYMUTIL=''
DUMPBIN=''
ECHO_C=''
ECHO_N='-n'
ECHO_T=''
EGREP=''
EXEEXT=''
FGREP=''
GREP=''
INSTALL_DATA='${INSTALL} -m 644'
INSTALL_PROGRAM='${INSTALL}'
INSTALL_SCRIPT='${INSTALL}'
INSTALL_STRIP_PROGRAM='$(install_sh) -c -s'
LD=''
LDFLAGS=''
LDFLAGS_FOR_BUILD=''
LEX=''
LEXLIB=''
LEX_OUTPUT_ROOT=''
LIBNGSPICE_API_VERSION=''
LIBNGSPICE_SO_VERSION=''
LIBOBJS=''
LIBS=''
LIBTOOL=''
LIPO=''
LN_S=''
LTLIBOBJS=''
LT_NGSPICE_AGE=''
LT_NGSPICE_CURRENT=''
LT_NGSPICE_REVISION=''
LT_SYS_LIBRARY_PATH=''
MAINT=''
MAINTAINER_MODE_FALSE=''
MAINTAINER_MODE_TRUE=''
MAKEINFO=''
MANIFEST_TOOL=''
MKDIR_P='/usr/bin/mkdir -p'
NDEV_WANTED_FALSE=''
NDEV_WANTED_TRUE=''
NM=''
NMEDIT=''
NOTVLADEVDIR=''
NO_HELP_FALSE=''
NO_HELP_TRUE=''
NO_X_FALSE=''
NO_X_TRUE=''
NUMDEV_WANTED_FALSE=''
NUMDEV_WANTED_TRUE=''
OBJDUMP=''
OBJEXT=''
OLDAPPS_FALSE=''
OLDAPPS_TRUE=''
OPENMP_CFLAGS=''
OSDI_WANTED_FALSE=''
OSDI_WANTED_TRUE=''
OTOOL64=''
OTOOL=''
PACKAGE=''
PACKAGE_BUGREPORT='http://ngspice.sourceforge.net/bugrep.html'
PACKAGE_NAME='ngspice'
PACKAGE_STRING='ngspice 40'
PACKAGE_TARNAME='ngspice'
PACKAGE_URL=''
PACKAGE_VERSION='40'
PATH_SEPARATOR=':'
PSS_WANTED_FALSE=''
PSS_WANTED_TRUE=''
RANLIB=''
RELPATH_FALSE=''
RELPATH_TRUE=''
SED=''
SENSE2_WANTED_FALSE=''
SENSE2_WANTED_TRUE=''
SET_MAKE=''
SHARED_MODULE_FALSE=''
SHARED_MODULE_TRUE=''
SHCYG_FALSE=''
SHCYG_TRUE=''
SHELL='/bin/bash'
SHORT_CHECK_WANTED_FALSE=''
SHORT_CHECK_WANTED_TRUE=''
SHWIN_FALSE=''
SHWIN_TRUE=''
SP_WANTED_FALSE=''
SP_WANTED_TRUE=''
STATIC=''
STRIP=''
TCLCYG_FALSE=''
TCLCYG_TRUE=''
TCLWIN_FALSE=''
TCLWIN_TRUE=''
TCL_LIB_SPEC=''
TCL_MODULE_FALSE=''
TCL_MODULE_TRUE=''
TCL_PACKAGE_PATH=''
VERSION=''
VIS_CFLAGS=''
VLADEV=''
VLADEVDIR=''
WINCONSOLE_FALSE=''
WINCONSOLE_TRUE=''
WINGUI_FALSE=''
WINGUI_TRUE=''
WINRES=''
WINRESOURCE_FALSE=''
WINRESOURCE_TRUE=''
XMKMF=''
XSPICEDLLIBS=''
XSPICEINIT=''
XSPICE_WANTED_FALSE=''
XSPICE_WANTED_TRUE=''
XTRALIBS=''
X_CFLAGS=''
X_EXTRA_LIBS=''
X_LIBS=''
X_PRE_LIBS=''
YACC=''
YFLAGS=''
ac_ct_AR=''
ac_ct_CC=''
ac_ct_CC_FOR_BUILD=''
ac_ct_CXX=''
ac_ct_DUMPBIN=''
am__EXEEXT_FALSE=''
am__EXEEXT_TRUE=''
am__fastdepCC_FALSE=''
am__fastdepCC_TRUE=''
am__fastdepCXX_FALSE=''
am__fastdepCXX_TRUE=''
am__include=''
am__isrc=' -I$(srcdir)'
am__leading_dot='.'
am__nodep=''
am__quote=''
am__tar=''
am__untar=''
bindir='${exec_prefix}/bin'
build=''
build_alias=''
build_cpu=''
build_os=''
build_vendor=''
datadir='${datarootdir}'
datarootdir='${prefix}/share'
docdir='${datarootdir}/doc/${PACKAGE_TARNAME}'
dvidir='${docdir}'
exec_prefix='NONE'
host=''
host_alias=''
host_cpu=''
host_os=''
host_vendor=''
htmldir='${docdir}'
includedir='${prefix}/include'
infodir='${datarootdir}/info'
install_sh='${SHELL} /foss/designs/ngspice-40/install-sh'
libdir='${exec_prefix}/lib'
libexecdir='${exec_prefix}/libexec'
localedir='${datarootdir}/locale'
localstatedir='${prefix}/var'
mandir='${datarootdir}/man'
mkdir_p=''
oldincludedir='/usr/include'
pdfdir='${docdir}'
prefix='NONE'
program_transform_name='s,x,x,'
psdir='${docdir}'
sbindir='${exec_prefix}/sbin'
sharedstatedir='${prefix}/com'
sysconfdir='${prefix}/etc'
target_alias=''

## ----------- ##
## confdefs.h. ##
## ----------- ##

/* confdefs.h */
#define PACKAGE_NAME "ngspice"
#define PACKAGE_TARNAME "ngspice"
#define PACKAGE_VERSION "40"
#define PACKAGE_STRING "ngspice 40"
#define PACKAGE_BUGREPORT "http://ngspice.sourceforge.net/bugrep.html"
#define PACKAGE_URL ""

configure: exit 1
